
  .   ____          _            __ _ _
 /\\ / ___'_ __ _ _(_)_ __  __ _ \ \ \ \
( ( )\___ | '_ | '_| | '_ \/ _` | \ \ \ \
 \\/  ___)| |_)| | | | | || (_| |  ) ) ) )
  '  |____| .__|_| |_|_| |_\__, | / / / /
 =========|_|==============|___/=/_/_/_/

 :: Spring Boot ::                (v3.4.2)

2026-03-10T20:17:38.052+03:00  INFO 26060 --- [api-gateway] [           main] c.s.gateway.ApiGatewayApplication        : Starting ApiGatewayApplication v0.1.0-SNAPSHOT using Java 23.0.2 with PID 26060 (C:\Users\lehax\OneDrive\Documents\SmartThings\api-gateway\build\libs\api-gateway-0.1.0-SNAPSHOT.jar started by lehax in C:\Users\lehax\OneDrive\Documents\SmartThings)
2026-03-10T20:17:38.056+03:00  INFO 26060 --- [api-gateway] [           main] c.s.gateway.ApiGatewayApplication        : No active profile set, falling back to 1 default profile: "default"
2026-03-10T20:17:38.233+03:00  INFO 26060 --- [api-gateway] [           main] o.s.c.c.c.ConfigServerConfigDataLoader   : Fetching config from server at : http://localhost:8888
2026-03-10T20:17:38.233+03:00  INFO 26060 --- [api-gateway] [           main] o.s.c.c.c.ConfigServerConfigDataLoader   : Located environment: name=api-gateway, profiles=[default], label=null, version=null, state=null
2026-03-10T20:17:40.749+03:00  INFO 26060 --- [api-gateway] [           main] o.s.cloud.context.scope.GenericScope     : BeanFactory id=99c7955b-89fa-3957-810e-a82d93355a9d
2026-03-10T20:17:42.950+03:00  INFO 26060 --- [api-gateway] [           main] o.s.c.g.r.RouteDefinitionRouteLocator    : Loaded RoutePredicateFactory [After]
2026-03-10T20:17:42.950+03:00  INFO 26060 --- [api-gateway] [           main] o.s.c.g.r.RouteDefinitionRouteLocator    : Loaded RoutePredicateFactory [Before]
2026-03-10T20:17:42.950+03:00  INFO 26060 --- [api-gateway] [           main] o.s.c.g.r.RouteDefinitionRouteLocator    : Loaded RoutePredicateFactory [Between]
2026-03-10T20:17:42.951+03:00  INFO 26060 --- [api-gateway] [           main] o.s.c.g.r.RouteDefinitionRouteLocator    : Loaded RoutePredicateFactory [Cookie]
2026-03-10T20:17:42.951+03:00  INFO 26060 --- [api-gateway] [           main] o.s.c.g.r.RouteDefinitionRouteLocator    : Loaded RoutePredicateFactory [Header]
2026-03-10T20:17:42.951+03:00  INFO 26060 --- [api-gateway] [           main] o.s.c.g.r.RouteDefinitionRouteLocator    : Loaded RoutePredicateFactory [Host]
2026-03-10T20:17:42.951+03:00  INFO 26060 --- [api-gateway] [           main] o.s.c.g.r.RouteDefinitionRouteLocator    : Loaded RoutePredicateFactory [Method]
2026-03-10T20:17:42.952+03:00  INFO 26060 --- [api-gateway] [           main] o.s.c.g.r.RouteDefinitionRouteLocator    : Loaded RoutePredicateFactory [Path]
2026-03-10T20:17:42.953+03:00  INFO 26060 --- [api-gateway] [           main] o.s.c.g.r.RouteDefinitionRouteLocator    : Loaded RoutePredicateFactory [Query]
2026-03-10T20:17:42.953+03:00  INFO 26060 --- [api-gateway] [           main] o.s.c.g.r.RouteDefinitionRouteLocator    : Loaded RoutePredicateFactory [ReadBody]
2026-03-10T20:17:42.954+03:00  INFO 26060 --- [api-gateway] [           main] o.s.c.g.r.RouteDefinitionRouteLocator    : Loaded RoutePredicateFactory [RemoteAddr]
2026-03-10T20:17:42.954+03:00  INFO 26060 --- [api-gateway] [           main] o.s.c.g.r.RouteDefinitionRouteLocator    : Loaded RoutePredicateFactory [XForwardedRemoteAddr]
2026-03-10T20:17:42.955+03:00  INFO 26060 --- [api-gateway] [           main] o.s.c.g.r.RouteDefinitionRouteLocator    : Loaded RoutePredicateFactory [Weight]
2026-03-10T20:17:42.955+03:00  INFO 26060 --- [api-gateway] [           main] o.s.c.g.r.RouteDefinitionRouteLocator    : Loaded RoutePredicateFactory [CloudFoundryRouteService]
2026-03-10T20:17:43.308+03:00  WARN 26060 --- [api-gateway] [           main] o.s.w.r.resource.ResourceHandlerUtils    : Appended trailing slash to static resource location: classpath:/META-INF/resources/webjars/swagger-ui/5.18.2/
2026-03-10T20:17:43.677+03:00  INFO 26060 --- [api-gateway] [           main] o.s.b.a.e.web.EndpointLinksResolver      : Exposing 3 endpoints beneath base path '/actuator'
2026-03-10T20:17:44.252+03:00  INFO 26060 --- [api-gateway] [           main] DiscoveryClientOptionalArgsConfiguration : Eureka HTTP Client uses RestTemplate.
2026-03-10T20:17:44.300+03:00  WARN 26060 --- [api-gateway] [           main] iguration$LoadBalancerCaffeineWarnLogger : Spring Cloud LoadBalancer is currently working with the default cache. While this cache implementation is useful for development and tests, it's recommended to use Caffeine cache in production.You can switch to using Caffeine cache, by adding it and org.springframework.cache.caffeine.CaffeineCacheManager to the classpath.
2026-03-10T20:17:44.413+03:00  INFO 26060 --- [api-gateway] [           main] o.s.c.n.eureka.InstanceInfoFactory       : Setting initial instance status as: STARTING
2026-03-10T20:17:44.473+03:00  INFO 26060 --- [api-gateway] [           main] com.netflix.discovery.DiscoveryClient    : Initializing Eureka in region us-east-1
2026-03-10T20:17:44.482+03:00  INFO 26060 --- [api-gateway] [           main] c.n.d.s.r.aws.ConfigClusterResolver      : Resolving eureka endpoints via configuration
2026-03-10T20:17:44.498+03:00  INFO 26060 --- [api-gateway] [           main] com.netflix.discovery.DiscoveryClient    : Disable delta property : false
2026-03-10T20:17:44.499+03:00  INFO 26060 --- [api-gateway] [           main] com.netflix.discovery.DiscoveryClient    : Single vip registry refresh property : null
2026-03-10T20:17:44.499+03:00  INFO 26060 --- [api-gateway] [           main] com.netflix.discovery.DiscoveryClient    : Force full registry fetch : false
2026-03-10T20:17:44.499+03:00  INFO 26060 --- [api-gateway] [           main] com.netflix.discovery.DiscoveryClient    : Application is null : false
2026-03-10T20:17:44.499+03:00  INFO 26060 --- [api-gateway] [           main] com.netflix.discovery.DiscoveryClient    : Registered Applications size is zero : true
2026-03-10T20:17:44.501+03:00  INFO 26060 --- [api-gateway] [           main] com.netflix.discovery.DiscoveryClient    : Application version is -1: true
2026-03-10T20:17:44.501+03:00  INFO 26060 --- [api-gateway] [           main] com.netflix.discovery.DiscoveryClient    : Getting all instance registry info from the eureka server
2026-03-10T20:17:44.963+03:00  INFO 26060 --- [api-gateway] [           main] com.netflix.discovery.DiscoveryClient    : The response status is 200
2026-03-10T20:17:44.968+03:00  INFO 26060 --- [api-gateway] [           main] com.netflix.discovery.DiscoveryClient    : Starting heartbeat executor: renew interval is: 30
2026-03-10T20:17:44.971+03:00  INFO 26060 --- [api-gateway] [           main] c.n.discovery.InstanceInfoReplicator     : InstanceInfoReplicator onDemand update allowed rate per min is 4
2026-03-10T20:17:44.974+03:00  INFO 26060 --- [api-gateway] [           main] com.netflix.discovery.DiscoveryClient    : Discovery Client initialized at timestamp 1773163064973 with initial instances count: 5
2026-03-10T20:17:44.978+03:00  INFO 26060 --- [api-gateway] [           main] o.s.c.n.e.s.EurekaServiceRegistry        : Registering application API-GATEWAY with eureka with status UP
2026-03-10T20:17:44.979+03:00  INFO 26060 --- [api-gateway] [           main] com.netflix.discovery.DiscoveryClient    : Saw local status change event StatusChangeEvent [timestamp=1773163064979, current=UP, previous=STARTING]
2026-03-10T20:17:44.982+03:00  INFO 26060 --- [api-gateway] [foReplicator-%d] com.netflix.discovery.DiscoveryClient    : DiscoveryClient_API-GATEWAY/PC:api-gateway:8080: registering service...
2026-03-10T20:17:45.061+03:00  INFO 26060 --- [api-gateway] [foReplicator-%d] com.netflix.discovery.DiscoveryClient    : DiscoveryClient_API-GATEWAY/PC:api-gateway:8080 - registration status: 204
2026-03-10T20:17:45.376+03:00  INFO 26060 --- [api-gateway] [           main] o.s.b.web.embedded.netty.NettyWebServer  : Netty started on port 8080 (http)
2026-03-10T20:17:45.378+03:00  INFO 26060 --- [api-gateway] [           main] .s.c.n.e.s.EurekaAutoServiceRegistration : Updating port to 8080
2026-03-10T20:17:45.493+03:00  INFO 26060 --- [api-gateway] [           main] c.s.gateway.ApiGatewayApplication        : Started ApiGatewayApplication in 9.341 seconds (process running for 10.724)
