
  .   ____          _            __ _ _
 /\\ / ___'_ __ _ _(_)_ __  __ _ \ \ \ \
( ( )\___ | '_ | '_| | '_ \/ _` | \ \ \ \
 \\/  ___)| |_)| | | | | || (_| |  ) ) ) )
  '  |____| .__|_| |_|_| |_\__, | / / / /
 =========|_|==============|___/=/_/_/_/

 :: Spring Boot ::                (v3.4.2)

2026-03-10T20:14:41.340+03:00  INFO 20016 --- [config-server] [           main] c.s.c.ConfigServerApplication            : Starting ConfigServerApplication v0.1.0-SNAPSHOT using Java 23.0.2 with PID 20016 (C:\Users\lehax\OneDrive\Documents\SmartThings\config-server\build\libs\config-server-0.1.0-SNAPSHOT.jar started by lehax in C:\Users\lehax\OneDrive\Documents\SmartThings)
2026-03-10T20:14:41.344+03:00  INFO 20016 --- [config-server] [           main] c.s.c.ConfigServerApplication            : The following 1 profile is active: "native"
2026-03-10T20:14:44.279+03:00  INFO 20016 --- [config-server] [           main] o.s.cloud.context.scope.GenericScope     : BeanFactory id=65da553f-8d70-3cc2-a49d-026b8bc8d744
2026-03-10T20:14:45.129+03:00  INFO 20016 --- [config-server] [           main] o.s.b.w.embedded.tomcat.TomcatWebServer  : Tomcat initialized with port 8888 (http)
2026-03-10T20:14:45.172+03:00  INFO 20016 --- [config-server] [           main] o.apache.catalina.core.StandardService   : Starting service [Tomcat]
2026-03-10T20:14:45.173+03:00  INFO 20016 --- [config-server] [           main] o.apache.catalina.core.StandardEngine    : Starting Servlet engine: [Apache Tomcat/10.1.34]
2026-03-10T20:14:45.262+03:00  INFO 20016 --- [config-server] [           main] o.a.c.c.C.[Tomcat].[localhost].[/]       : Initializing Spring embedded WebApplicationContext
2026-03-10T20:14:45.265+03:00  INFO 20016 --- [config-server] [           main] w.s.c.ServletWebServerApplicationContext : Root WebApplicationContext: initialization completed in 3780 ms
2026-03-10T20:14:48.238+03:00  INFO 20016 --- [config-server] [           main] o.s.b.a.e.web.EndpointLinksResolver      : Exposing 3 endpoints beneath base path '/actuator'
2026-03-10T20:14:48.502+03:00  INFO 20016 --- [config-server] [           main] o.s.b.w.embedded.tomcat.TomcatWebServer  : Tomcat started on port 8888 (http) with context path '/'
2026-03-10T20:14:48.573+03:00  INFO 20016 --- [config-server] [           main] c.s.c.ConfigServerApplication            : Started ConfigServerApplication in 8.531 seconds (process running for 9.999)
2026-03-10T20:15:36.296+03:00  INFO 20016 --- [config-server] [nio-8888-exec-2] o.a.c.c.C.[Tomcat].[localhost].[/]       : Initializing Spring DispatcherServlet 'dispatcherServlet'
2026-03-10T20:15:36.296+03:00  INFO 20016 --- [config-server] [nio-8888-exec-2] o.s.web.servlet.DispatcherServlet        : Initializing Servlet 'dispatcherServlet'
2026-03-10T20:15:36.299+03:00  INFO 20016 --- [config-server] [nio-8888-exec-2] o.s.web.servlet.DispatcherServlet        : Completed initialization in 2 ms
2026-03-10T20:15:36.646+03:00  INFO 20016 --- [config-server] [nio-8888-exec-2] o.s.c.c.s.e.NativeEnvironmentRepository  : Adding property source: Config resource 'file [config-repo\product-service.yml]' via location 'file:./config-repo/'
2026-03-10T20:15:36.647+03:00  INFO 20016 --- [config-server] [nio-8888-exec-2] o.s.c.c.s.e.NativeEnvironmentRepository  : Adding property source: Config resource 'file [config-repo\application.yml]' via location 'file:./config-repo/'
2026-03-10T20:15:36.763+03:00  INFO 20016 --- [config-server] [nio-8888-exec-3] o.s.c.c.s.e.NativeEnvironmentRepository  : Adding property source: Config resource 'file [config-repo\user-service.yml]' via location 'file:./config-repo/'
2026-03-10T20:15:36.764+03:00  INFO 20016 --- [config-server] [nio-8888-exec-3] o.s.c.c.s.e.NativeEnvironmentRepository  : Adding property source: Config resource 'file [config-repo\application.yml]' via location 'file:./config-repo/'
2026-03-10T20:15:36.903+03:00  INFO 20016 --- [config-server] [nio-8888-exec-1] o.s.c.c.s.e.NativeEnvironmentRepository  : Adding property source: Config resource 'file [config-repo\notification-service.yml]' via location 'file:./config-repo/'
2026-03-10T20:15:36.905+03:00  INFO 20016 --- [config-server] [nio-8888-exec-1] o.s.c.c.s.e.NativeEnvironmentRepository  : Adding property source: Config resource 'file [config-repo\application.yml]' via location 'file:./config-repo/'
2026-03-10T20:15:38.173+03:00  INFO 20016 --- [config-server] [nio-8888-exec-4] o.s.c.c.s.e.NativeEnvironmentRepository  : Adding property source: Config resource 'file [config-repo\order-service.yml]' via location 'file:./config-repo/'
2026-03-10T20:15:38.176+03:00  INFO 20016 --- [config-server] [nio-8888-exec-4] o.s.c.c.s.e.NativeEnvironmentRepository  : Adding property source: Config resource 'file [config-repo\application.yml]' via location 'file:./config-repo/'
2026-03-10T20:15:58.758+03:00  INFO 20016 --- [config-server] [nio-8888-exec-5] o.s.c.c.s.e.NativeEnvironmentRepository  : Adding property source: Config resource 'file [config-repo\api-gateway.yml]' via location 'file:./config-repo/'
2026-03-10T20:15:58.759+03:00  INFO 20016 --- [config-server] [nio-8888-exec-5] o.s.c.c.s.e.NativeEnvironmentRepository  : Adding property source: Config resource 'file [config-repo\application.yml]' via location 'file:./config-repo/'
2026-03-10T20:17:37.438+03:00  INFO 20016 --- [config-server] [nio-8888-exec-2] o.s.c.c.s.e.NativeEnvironmentRepository  : Adding property source: Config resource 'file [config-repo\api-gateway.yml]' via location 'file:./config-repo/'
2026-03-10T20:17:37.440+03:00  INFO 20016 --- [config-server] [nio-8888-exec-2] o.s.c.c.s.e.NativeEnvironmentRepository  : Adding property source: Config resource 'file [config-repo\application.yml]' via location 'file:./config-repo/'
